Using pre-set license
Built from '2020.3/release' branch; Version is '2020.3.7f1 (dd97f2c94397) revision 14522354'; Using compiler version '192528614'; Build Type 'Release'
OS: 'Windows 10 Pro; OS build 18363.1500; Version 1909; 64bit' Language: 'de' Physical Memory: 8125 MB
BatchMode: 1, IsHumanControllingUs: 0, StartBugReporterOnCrash: 0, Is64bit: 1, IsPro: 0

 COMMAND LINE ARGUMENTS:
C:\Program Files\Unity\Hub\Editor\2020.3.7f1\Editor\Unity.exe
-adb2
-batchMode
-noUpm
-name
AssetImportWorker1
-projectPath
C:/Users/Ansgar/Documents/GitHub/Spider-game/Spider game
-logFile
Logs/AssetImportWorker1.log
-srvPort
49596
Successfully changed project path to: C:/Users/Ansgar/Documents/GitHub/Spider-game/Spider game
C:/Users/Ansgar/Documents/GitHub/Spider-game/Spider game
Using Asset Import Pipeline V2.
Refreshing native plugins compatible for Editor in 30.87 ms, found 0 plugins.
Preloading 0 native plugins for Editor in 0.00 ms.
Initialize engine version: 2020.3.7f1 (dd97f2c94397)
[Subsystems] Discovering subsystems at path C:/Program Files/Unity/Hub/Editor/2020.3.7f1/Editor/Data/Resources/UnitySubsystems
[Subsystems] Discovering subsystems at path C:/Users/Ansgar/Documents/GitHub/Spider-game/Spider game/Assets
GfxDevice: creating device client; threaded=0
Direct3D:
    Version:  Direct3D 11.0 [level 11.1]
    Renderer: Radeon (TM) RX 480 Graphics (ID=0x67df)
    Vendor:   
    VRAM:     8171 MB
    Driver:   27.20.1034.6
Initialize mono
Mono path[0] = 'C:/Program Files/Unity/Hub/Editor/2020.3.7f1/Editor/Data/Managed'
Mono path[1] = 'C:/Program Files/Unity/Hub/Editor/2020.3.7f1/Editor/Data/MonoBleedingEdge/lib/mono/unityjit'
Mono config path = 'C:/Program Files/Unity/Hub/Editor/2020.3.7f1/Editor/Data/MonoBleedingEdge/etc'
Using monoOptions --debugger-agent=transport=dt_socket,embedding=1,server=y,suspend=n,address=127.0.0.1:56108
Begin MonoManager ReloadAssembly
Registering precompiled unity dll's ...
Register platform support module: C:/Program Files/Unity/Hub/Editor/2020.3.7f1/Editor/Data/PlaybackEngines/WindowsStandaloneSupport/UnityEditor.WindowsStandalone.Extensions.dll
Registered in 0.002803 seconds.
Native extension for WindowsStandalone target not found
Refreshing native plugins compatible for Editor in 29.90 ms, found 0 plugins.
Preloading 0 native plugins for Editor in 0.00 ms.
Mono: successfully reloaded assembly
- Completed reload, in  3.832 seconds
Platform modules already initialized, skipping
Registering precompiled user dll's ...
Registered in 0.001028 seconds.
Begin MonoManager ReloadAssembly
Native extension for WindowsStandalone target not found
Refreshing native plugins compatible for Editor in 0.26 ms, found 0 plugins.
Preloading 0 native plugins for Editor in 0.00 ms.
Mono: successfully reloaded assembly
- Completed reload, in  1.154 seconds
Platform modules already initialized, skipping
========================================================================
Worker process is ready to serve import requests
Launched and connected shader compiler UnityShaderCompiler.exe after 0.10 seconds
Refreshing native plugins compatible for Editor in 0.26 ms, found 0 plugins.
Preloading 0 native plugins for Editor in 0.00 ms.
Unloading 1131 Unused Serialized files (Serialized files now loaded: 0)
System memory in use before: 57.5 MB.
System memory in use after: 57.6 MB.

Unloading 9 unused Assets to reduce memory usage. Loaded Objects now: 1575.
Total: 2.316000 ms (FindLiveObjects: 0.179500 ms CreateObjectMapping: 0.036300 ms MarkObjects: 2.013200 ms  DeleteObjects: 0.085400 ms)

========================================================================
Received Import Request.
  path: Assets/Scenes/SampleScene 1.unity
  artifactKey: Guid(ed4df66d732231747a0afc3d8afedf8e) Importer(815301076,1909f56bfc062723c751e8b465ee728b)
Start importing Assets/Scenes/SampleScene 1.unity using Guid(ed4df66d732231747a0afc3d8afedf8e) Importer(815301076,1909f56bfc062723c751e8b465ee728b)  -> (artifact id: 'd07f86b905e22a94fcd576ca5cf4f9f5') in 0.070873 seconds
  Import took 0.089100 seconds .

========================================================================
Received Import Request.
  Time since last request: 0.133303 seconds.
  path: Assets/Scenes/Mesh curve renderer sample scene.unity
  artifactKey: Guid(ed4df66d732231747a0afc3d8afedf8e) Importer(815301076,1909f56bfc062723c751e8b465ee728b)
Start importing Assets/Scenes/Mesh curve renderer sample scene.unity using Guid(ed4df66d732231747a0afc3d8afedf8e) Importer(815301076,1909f56bfc062723c751e8b465ee728b)  -> (artifact id: '000c9445cc2fbb9b835721d5ad41b582') in 0.003883 seconds
  Import took 0.006316 seconds .

========================================================================
Received Prepare
Registering precompiled user dll's ...
Registered in 0.001225 seconds.
Begin MonoManager ReloadAssembly
Native extension for WindowsStandalone target not found
Refreshing native plugins compatible for Editor in 0.28 ms, found 0 plugins.
Preloading 0 native plugins for Editor in 0.00 ms.
Mono: successfully reloaded assembly
- Completed reload, in  1.088 seconds
Platform modules already initialized, skipping
Refreshing native plugins compatible for Editor in 0.27 ms, found 0 plugins.
Preloading 0 native plugins for Editor in 0.00 ms.
Unloading 1125 Unused Serialized files (Serialized files now loaded: 0)
System memory in use before: 57.4 MB.
System memory in use after: 57.5 MB.

Unloading 4 unused Assets to reduce memory usage. Loaded Objects now: 1578.
Total: 1.985200 ms (FindLiveObjects: 0.180300 ms CreateObjectMapping: 0.039400 ms MarkObjects: 1.740200 ms  DeleteObjects: 0.024100 ms)

========================================================================
Received Import Request.
  Time since last request: 41.151547 seconds.
  path: Assets/Rope/ChainLink.prefab
  artifactKey: Guid(dcf168df0f4ef364f8170eb941f0b499) Importer(815301076,1909f56bfc062723c751e8b465ee728b)
Start importing Assets/Rope/ChainLink.prefab using Guid(dcf168df0f4ef364f8170eb941f0b499) Importer(815301076,1909f56bfc062723c751e8b465ee728b)  -> (artifact id: '8ea519f44e0d2a0ceaa535902b0983df') in 0.374061 seconds
  Import took 0.376624 seconds .

AssetImportWorkerClient::OnTransportError - code=2 error=End of file
